nohup: ignoring input
Traceback (most recent call last):
  File "/home/aswini/Fifth_project_on_dialogue/random/Token_Signature-master/main.py", line 13, in <module>
    from transformers import AutoModelForCausalLM, AutoTokenizer, DataCollatorForSeq2Seq, HfArgumentParser
  File "<frozen importlib._bootstrap>", line 1075, in _handle_fromlist
  File "/home/aswini/Fifth_project_on_dialogue/Custom_loss_experiment/riddhankur_env/lib/python3.10/site-packages/transformers/utils/import_utils.py", line 2317, in __getattr__
    module = self._get_module(self._class_to_module[name])
  File "/home/aswini/Fifth_project_on_dialogue/Custom_loss_experiment/riddhankur_env/lib/python3.10/site-packages/transformers/utils/import_utils.py", line 2345, in _get_module
    return importlib.import_module("." + module_name, self.__name__)
  File "/usr/lib/python3.10/importlib/__init__.py", line 126, in import_module
    return _bootstrap._gcd_import(name[level:], package, level)
  File "/home/aswini/Fifth_project_on_dialogue/Custom_loss_experiment/riddhankur_env/lib/python3.10/site-packages/transformers/models/__init__.py", line 396, in <module>
    sys.modules[__name__] = _LazyModule(__name__, _file, define_import_structure(_file), module_spec=__spec__)
  File "/home/aswini/Fifth_project_on_dialogue/Custom_loss_experiment/riddhankur_env/lib/python3.10/site-packages/transformers/utils/import_utils.py", line 2867, in define_import_structure
    import_structure = create_import_structure_from_path(module_path)
  File "/home/aswini/Fifth_project_on_dialogue/Custom_loss_experiment/riddhankur_env/lib/python3.10/site-packages/transformers/utils/import_utils.py", line 2580, in create_import_structure_from_path
    import_structure[f] = create_import_structure_from_path(os.path.join(module_path, f))
  File "/home/aswini/Fifth_project_on_dialogue/Custom_loss_experiment/riddhankur_env/lib/python3.10/site-packages/transformers/utils/import_utils.py", line 2703, in create_import_structure_from_path
    for _all_object in fetch__all__(file_content):
  File "/home/aswini/Fifth_project_on_dialogue/Custom_loss_experiment/riddhankur_env/lib/python3.10/site-packages/transformers/utils/import_utils.py", line 2483, in fetch__all__
    lines = file_content.splitlines()
KeyboardInterrupt
